#
# There is insufficient memory for the Java Runtime Environment to continue.
# Native memory allocation (malloc) failed to allocate 96496 bytes for Chunk::new
# Possible reasons:
#   The system is out of physical RAM or swap space
#   The process is running with CompressedOops enabled, and the Java Heap may be blocking the growth of the native heap
# Possible solutions:
#   Reduce memory load on the system
#   Increase physical memory or swap space
#   Check if swap backing store is full
#   Decrease Java heap size (-Xmx/-Xms)
#   Decrease number of Java threads
#   Decrease Java thread stack sizes (-Xss)
#   Set larger code cache with -XX:ReservedCodeCacheSize=
#   JVM is running with Unscaled Compressed Oops mode in which the Java heap is
#     placed in the first 4GB address space. The Java Heap base address is the
#     maximum limit for the native heap growth. Please use -XX:HeapBaseMinAddress
#     to set the Java Heap base and to place the Java Heap above 4GB virtual address.
# This output file may be truncated or incomplete.
#
#  Out of Memory Error (arena.cpp:189), pid=20824, tid=22364
#
# JRE version: Java(TM) SE Runtime Environment (17.0.6+9) (build 17.0.6+9-LTS-190)
# Java VM: Java HotSpot(TM) 64-Bit Server VM (17.0.6+9-LTS-190, mixed mode, sharing, tiered, compressed oops, compressed class ptrs, g1 gc, windows-amd64)
# No core dump will be written. Minidumps are not enabled by default on client versions of Windows
#

---------------  S U M M A R Y ------------

Command Line: -Dfile.encoding=UTF-8 -XX:+ShowCodeDetailsInExceptionMessages electricity.billing.system.ViewInformation

Host: AMD Ryzen 3 2200U with Radeon Vega Mobile Gfx  , 4 cores, 3G,  Windows 10 , 64 bit Build 19041 (10.0.19041.2364)
Time: Sat May  6 21:14:13 2023 India Standard Time elapsed time: 0.832880 seconds (0d 0h 0m 0s)

---------------  T H R E A D  ---------------

Current thread (0x000001b66de7f850):  JavaThread "C2 CompilerThread0" daemon [_thread_in_native, id=22364, stack(0x00000074deb00000,0x00000074dec00000)]


Current CompileTask:
C2:    844  563 %     4       java.lang.StringLatin1::inflate @ 3 (34 bytes)

Stack: [0x00000074deb00000,0x00000074dec00000]
Native frames: (J=compiled Java code, j=interpreted, Vv=VM code, C=native code)
V  [jvm.dll+0x6734ea]
V  [jvm.dll+0x7d18f4]
V  [jvm.dll+0x7d309e]
V  [jvm.dll+0x7d3703]
V  [jvm.dll+0x2433c5]
V  [jvm.dll+0xaa46b]
V  [jvm.dll+0xaaa0c]
V  [jvm.dll+0x2a8b1f]
V  [jvm.dll+0x57bf85]
V  [jvm.dll+0x21e142]
V  [jvm.dll+0x21e51f]
V  [jvm.dll+0x217c36]
V  [jvm.dll+0x215109]
V  [jvm.dll+0x1a1730]
V  [jvm.dll+0x224b6e]
V  [jvm.dll+0x222f15]
V  [jvm.dll+0x78753c]
V  [jvm.dll+0x781a7a]
V  [jvm.dll+0x672375]
C  [ucrtbase.dll+0x21bb2]
C  [KERNEL32.DLL+0x17614]
C  [ntdll.dll+0x526a1]


---------------  P R O C E S S  ---------------

Threads class SMR info:
_java_thread_list=0x000001b673abca70, length=15, elements={
0x000001b6531edb40, 0x000001b66de61e30, 0x000001b66de63350, 0x000001b66de74da0,
0x000001b66de77670, 0x000001b66de788e0, 0x000001b66de7a360, 0x000001b66de7f850,
0x000001b66de809a0, 0x000001b66de97e40, 0x000001b66e930e80, 0x000001b66e9412a0,
0x000001b66eb10fa0, 0x000001b66eb5cae0, 0x000001b66ec85790
}

Java Threads: ( => current thread )
  0x000001b6531edb40 JavaThread "main" [_thread_in_vm, id=21004, stack(0x00000074dde00000,0x00000074ddf00000)]
  0x000001b66de61e30 JavaThread "Reference Handler" daemon [_thread_blocked, id=22884, stack(0x00000074de500000,0x00000074de600000)]
  0x000001b66de63350 JavaThread "Finalizer" daemon [_thread_blocked, id=9248, stack(0x00000074de600000,0x00000074de700000)]
  0x000001b66de74da0 JavaThread "Signal Dispatcher" daemon [_thread_blocked, id=20992, stack(0x00000074de700000,0x00000074de800000)]
  0x000001b66de77670 JavaThread "Attach Listener" daemon [_thread_blocked, id=22724, stack(0x00000074de800000,0x00000074de900000)]
  0x000001b66de788e0 JavaThread "Service Thread" daemon [_thread_blocked, id=19996, stack(0x00000074de900000,0x00000074dea00000)]
  0x000001b66de7a360 JavaThread "Monitor Deflation Thread" daemon [_thread_blocked, id=11720, stack(0x00000074dea00000,0x00000074deb00000)]
=>0x000001b66de7f850 JavaThread "C2 CompilerThread0" daemon [_thread_in_native, id=22364, stack(0x00000074deb00000,0x00000074dec00000)]
  0x000001b66de809a0 JavaThread "C1 CompilerThread0" daemon [_thread_in_native, id=21008, stack(0x00000074dec00000,0x00000074ded00000)]
  0x000001b66de97e40 JavaThread "Sweeper thread" daemon [_thread_blocked, id=16368, stack(0x00000074ded00000,0x00000074dee00000)]
  0x000001b66e930e80 JavaThread "Notification Thread" daemon [_thread_blocked, id=21216, stack(0x00000074dee00000,0x00000074def00000)]
  0x000001b66e9412a0 JavaThread "Common-Cleaner" daemon [_thread_blocked, id=22772, stack(0x00000074df000000,0x00000074df100000)]
  0x000001b66eb10fa0 JavaThread "Java2D Disposer" daemon [_thread_blocked, id=21732, stack(0x00000074df100000,0x00000074df200000)]
  0x000001b66eb5cae0 JavaThread "AWT-Windows" daemon [_thread_in_native, id=9520, stack(0x00000074df300000,0x00000074df400000)]
  0x000001b66ec85790 JavaThread "mysql-cj-abandoned-connection-cleanup" daemon [_thread_blocked, id=6812, stack(0x00000074df800000,0x00000074df900000)]

Other Threads:
  0x000001b6532ce350 VMThread "VM Thread" [stack: 0x00000074de400000,0x00000074de500000] [id=21360] _threads_hazard_ptr=0x000001b673abca70
  0x000001b6532349e0 WatcherThread [stack: 0x00000074def00000,0x00000074df000000] [id=18120]
  0x000001b653224b50 GCTaskThread "GC Thread#0" [stack: 0x00000074ddf00000,0x00000074de000000] [id=20716]
  0x000001b65322c6a0 ConcurrentGCThread "G1 Main Marker" [stack: 0x00000074de000000,0x00000074de100000] [id=20464]
  0x000001b65322d760 ConcurrentGCThread "G1 Conc#0" [stack: 0x00000074de100000,0x00000074de200000] [id=13236]
  0x000001b65326b0c0 ConcurrentGCThread "G1 Refine#0" [stack: 0x00000074de200000,0x00000074de300000] [id=15276]
  0x000001b65326b9f0 ConcurrentGCThread "G1 Service" [stack: 0x00000074de300000,0x00000074de400000] [id=21756]

Threads with active compile tasks:
C2 CompilerThread0     2458  563 %     4       java.lang.StringLatin1::inflate @ 3 (34 bytes)
C1 CompilerThread0     2458  687       3       java.net.URLStreamHandler::parseURL (1201 bytes)

VM state: synchronizing (normal execution)

VM Mutex/Monitor currently owned by a thread:  ([mutex/lock_event])
[0x000001b6531da310] Metaspace_lock - owner thread: 0x000001b6531edb40
[0x000001b6531e76a0] Threads_lock - owner thread: 0x000001b6532ce350

Heap address: 0x00000000c9800000, size: 872 MB, Compressed Oops mode: 32-bit

CDS archive(s) mapped at: [0x0000000800000000-0x0000000800bd0000-0x0000000800bd0000), size 12386304, SharedBaseAddress: 0x0000000800000000, ArchiveRelocationMode: 0.
Compressed class space mapped at: 0x0000000800c00000-0x0000000840c00000, reserved size: 1073741824
Narrow klass base: 0x0000000800000000, Narrow klass shift: 0, Narrow klass range: 0x100000000

GC Precious Log:
 CPUs: 4 total, 4 available
 Memory: 3485M
 Large Page Support: Disabled
 NUMA Support: Disabled
 Compressed Oops: Enabled (32-bit)
 Heap Region Size: 1M
 Heap Min Capacity: 8M
 Heap Initial Capacity: 56M
 Heap Max Capacity: 872M
 Pre-touch: Disabled
 Parallel Workers: 4
 Concurrent Workers: 1
 Concurrent Refinement Workers: 4
 Periodic GC: Disabled

Heap:
 garbage-first heap   total 57344K, used 10240K [0x00000000c9800000, 0x0000000100000000)
  region size 1024K, 11 young (11264K), 0 survivors (0K)
 Metaspace       used 7087K, committed 7296K, reserved 1056768K
  class space    used 753K, committed 832K, reserved 1048576K

Heap Regions: E=young(eden), S=young(survivor), O=old, HS=humongous(starts), HC=humongous(continues), CS=collection set, F=free, OA=open archive, CA=closed archive, TAMS=top-at-mark-start (previous, next)
|   0|0x00000000c9800000, 0x00000000c9800000, 0x00000000c9900000|  0%| F|  |TAMS 0x00000000c9800000, 0x00000000c9800000| Untracked 
|   1|0x00000000c9900000, 0x00000000c9900000, 0x00000000c9a00000|  0%| F|  |TAMS 0x00000000c9900000, 0x00000000c9900000| Untracked 
|   2|0x00000000c9a00000, 0x00000000c9a00000, 0x00000000c9b00000|  0%| F|  |TAMS 0x00000000c9a00000, 0x00000000c9a00000| Untracked 
|   3|0x00000000c9b00000, 0x00000000c9b00000, 0x00000000c9c00000|  0%| F|  |TAMS 0x00000000c9b00000, 0x00000000c9b00000| Untracked 
|   4|0x00000000c9c00000, 0x00000000c9c00000, 0x00000000c9d00000|  0%| F|  |TAMS 0x00000000c9c00000, 0x00000000c9c00000| Untracked 
|   5|0x00000000c9d00000, 0x00000000c9d00000, 0x00000000c9e00000|  0%| F|  |TAMS 0x00000000c9d00000, 0x00000000c9d00000| Untracked 
|   6|0x00000000c9e00000, 0x00000000c9e00000, 0x00000000c9f00000|  0%| F|  |TAMS 0x00000000c9e00000, 0x00000000c9e00000| Untracked 
|   7|0x00000000c9f00000, 0x00000000c9f00000, 0x00000000ca000000|  0%| F|  |TAMS 0x00000000c9f00000, 0x00000000c9f00000| Untracked 
|   8|0x00000000ca000000, 0x00000000ca000000, 0x00000000ca100000|  0%| F|  |TAMS 0x00000000ca000000, 0x00000000ca000000| Untracked 
|   9|0x00000000ca100000, 0x00000000ca100000, 0x00000000ca200000|  0%| F|  |TAMS 0x00000000ca100000, 0x00000000ca100000| Untracked 
|  10|0x00000000ca200000, 0x00000000ca200000, 0x00000000ca300000|  0%| F|  |TAMS 0x00000000ca200000, 0x00000000ca200000| Untracked 
|  11|0x00000000ca300000, 0x00000000ca300000, 0x00000000ca400000|  0%| F|  |TAMS 0x00000000ca300000, 0x00000000ca300000| Untracked 
|  12|0x00000000ca400000, 0x00000000ca400000, 0x00000000ca500000|  0%| F|  |TAMS 0x00000000ca400000, 0x00000000ca400000| Untracked 
|  13|0x00000000ca500000, 0x00000000ca500000, 0x00000000ca600000|  0%| F|  |TAMS 0x00000000ca500000, 0x00000000ca500000| Untracked 
|  14|0x00000000ca600000, 0x00000000ca600000, 0x00000000ca700000|  0%| F|  |TAMS 0x00000000ca600000, 0x00000000ca600000| Untracked 
|  15|0x00000000ca700000, 0x00000000ca700000, 0x00000000ca800000|  0%| F|  |TAMS 0x00000000ca700000, 0x00000000ca700000| Untracked 
|  16|0x00000000ca800000, 0x00000000ca800000, 0x00000000ca900000|  0%| F|  |TAMS 0x00000000ca800000, 0x00000000ca800000| Untracked 
|  17|0x00000000ca900000, 0x00000000ca900000, 0x00000000caa00000|  0%| F|  |TAMS 0x00000000ca900000, 0x00000000ca900000| Untracked 
|  18|0x00000000caa00000, 0x00000000caa00000, 0x00000000cab00000|  0%| F|  |TAMS 0x00000000caa00000, 0x00000000caa00000| Untracked 
|  19|0x00000000cab00000, 0x00000000cab00000, 0x00000000cac00000|  0%| F|  |TAMS 0x00000000cab00000, 0x00000000cab00000| Untracked 
|  20|0x00000000cac00000, 0x00000000cac00000, 0x00000000cad00000|  0%| F|  |TAMS 0x00000000cac00000, 0x00000000cac00000| Untracked 
|  21|0x00000000cad00000, 0x00000000cad00000, 0x00000000cae00000|  0%| F|  |TAMS 0x00000000cad00000, 0x00000000cad00000| Untracked 
|  22|0x00000000cae00000, 0x00000000cae00000, 0x00000000caf00000|  0%| F|  |TAMS 0x00000000cae00000, 0x00000000cae00000| Untracked 
|  23|0x00000000caf00000, 0x00000000caf00000, 0x00000000cb000000|  0%| F|  |TAMS 0x00000000caf00000, 0x00000000caf00000| Untracked 
|  24|0x00000000cb000000, 0x00000000cb000000, 0x00000000cb100000|  0%| F|  |TAMS 0x00000000cb000000, 0x00000000cb000000| Untracked 
|  25|0x00000000cb100000, 0x00000000cb100000, 0x00000000cb200000|  0%| F|  |TAMS 0x00000000cb100000, 0x00000000cb100000| Untracked 
|  26|0x00000000cb200000, 0x00000000cb200000, 0x00000000cb300000|  0%| F|  |TAMS 0x00000000cb200000, 0x00000000cb200000| Untracked 
|  27|0x00000000cb300000, 0x00000000cb300000, 0x00000000cb400000|  0%| F|  |TAMS 0x00000000cb300000, 0x00000000cb300000| Untracked 
|  28|0x00000000cb400000, 0x00000000cb400000, 0x00000000cb500000|  0%| F|  |TAMS 0x00000000cb400000, 0x00000000cb400000| Untracked 
|  29|0x00000000cb500000, 0x00000000cb500000, 0x00000000cb600000|  0%| F|  |TAMS 0x00000000cb500000, 0x00000000cb500000| Untracked 
|  30|0x00000000cb600000, 0x00000000cb600000, 0x00000000cb700000|  0%| F|  |TAMS 0x00000000cb600000, 0x00000000cb600000| Untracked 
|  31|0x00000000cb700000, 0x00000000cb700000, 0x00000000cb800000|  0%| F|  |TAMS 0x00000000cb700000, 0x00000000cb700000| Untracked 
|  32|0x00000000cb800000, 0x00000000cb800000, 0x00000000cb900000|  0%| F|  |TAMS 0x00000000cb800000, 0x00000000cb800000| Untracked 
|  33|0x00000000cb900000, 0x00000000cb900000, 0x00000000cba00000|  0%| F|  |TAMS 0x00000000cb900000, 0x00000000cb900000| Untracked 
|  34|0x00000000cba00000, 0x00000000cba00000, 0x00000000cbb00000|  0%| F|  |TAMS 0x00000000cba00000, 0x00000000cba00000| Untracked 
|  35|0x00000000cbb00000, 0x00000000cbb00000, 0x00000000cbc00000|  0%| F|  |TAMS 0x00000000cbb00000, 0x00000000cbb00000| Untracked 
|  36|0x00000000cbc00000, 0x00000000cbc00000, 0x00000000cbd00000|  0%| F|  |TAMS 0x00000000cbc00000, 0x00000000cbc00000| Untracked 
|  37|0x00000000cbd00000, 0x00000000cbd00000, 0x00000000cbe00000|  0%| F|  |TAMS 0x00000000cbd00000, 0x00000000cbd00000| Untracked 
|  38|0x00000000cbe00000, 0x00000000cbe00000, 0x00000000cbf00000|  0%| F|  |TAMS 0x00000000cbe00000, 0x00000000cbe00000| Untracked 
|  39|0x00000000cbf00000, 0x00000000cbf00000, 0x00000000cc000000|  0%| F|  |TAMS 0x00000000cbf00000, 0x00000000cbf00000| Untracked 
|  40|0x00000000cc000000, 0x00000000cc000000, 0x00000000cc100000|  0%| F|  |TAMS 0x00000000cc000000, 0x00000000cc000000| Untracked 
|  41|0x00000000cc100000, 0x00000000cc100000, 0x00000000cc200000|  0%| F|  |TAMS 0x00000000cc100000, 0x00000000cc100000| Untracked 
|  42|0x00000000cc200000, 0x00000000cc200000, 0x00000000cc300000|  0%| F|  |TAMS 0x00000000cc200000, 0x00000000cc200000| Untracked 
|  43|0x00000000cc300000, 0x00000000cc300000, 0x00000000cc400000|  0%| F|  |TAMS 0x00000000cc300000, 0x00000000cc300000| Untracked 
|  44|0x00000000cc400000, 0x00000000cc400000, 0x00000000cc500000|  0%| F|  |TAMS 0x00000000cc400000, 0x00000000cc400000| Untracked 
|  45|0x00000000cc500000, 0x00000000cc600000, 0x00000000cc600000|100%| E|  |TAMS 0x00000000cc500000, 0x00000000cc500000| Complete 
|  46|0x00000000cc600000, 0x00000000cc700000, 0x00000000cc700000|100%| E|CS|TAMS 0x00000000cc600000, 0x00000000cc600000| Complete 
|  47|0x00000000cc700000, 0x00000000cc800000, 0x00000000cc800000|100%| E|CS|TAMS 0x00000000cc700000, 0x00000000cc700000| Complete 
|  48|0x00000000cc800000, 0x00000000cc900000, 0x00000000cc900000|100%| E|CS|TAMS 0x00000000cc800000, 0x00000000cc800000| Complete 
|  49|0x00000000cc900000, 0x00000000cca00000, 0x00000000cca00000|100%| E|CS|TAMS 0x00000000cc900000, 0x00000000cc900000| Complete 
|  50|0x00000000cca00000, 0x00000000ccb00000, 0x00000000ccb00000|100%| E|CS|TAMS 0x00000000cca00000, 0x00000000cca00000| Complete 
|  51|0x00000000ccb00000, 0x00000000ccc00000, 0x00000000ccc00000|100%| E|CS|TAMS 0x00000000ccb00000, 0x00000000ccb00000| Complete 
|  52|0x00000000ccc00000, 0x00000000ccd00000, 0x00000000ccd00000|100%| E|CS|TAMS 0x00000000ccc00000, 0x00000000ccc00000| Complete 
|  53|0x00000000ccd00000, 0x00000000cce00000, 0x00000000cce00000|100%| E|CS|TAMS 0x00000000ccd00000, 0x00000000ccd00000| Complete 
|  54|0x00000000cce00000, 0x00000000ccf00000, 0x00000000ccf00000|100%| E|CS|TAMS 0x00000000cce00000, 0x00000000cce00000| Complete 
|  55|0x00000000ccf00000, 0x00000000cd000000, 0x00000000cd000000|100%| E|CS|TAMS 0x00000000ccf00000, 0x00000000ccf00000| Complete 

Card table byte_map: [0x000001b669a80000,0x000001b669c40000] _byte_map_base: 0x000001b669434000

Marking Bits (Prev, Next): (CMBitMap*) 0x000001b653225070, (CMBitMap*) 0x000001b6532250b0
 Prev Bits: [0x000001b669e00000, 0x000001b66aba0000)
 Next Bits: [0x000001b66aba0000, 0x000001b66b940000)

Polling page: 0x000001b651020000

Metaspace:

Usage:
  Non-class:      6.19 MB used.
      Class:    753.04 KB used.
       Both:      6.92 MB used.

Virtual space:
  Non-class space:        8.00 MB reserved,       6.31 MB ( 79%) committed,  1 nodes.
      Class space:        1.00 GB reserved,     832.00 KB ( <1%) committed,  1 nodes.
             Both:        1.01 GB reserved,       7.12 MB ( <1%) committed. 

Chunk freelists:
   Non-Class:  1.69 MB
       Class:  3.06 MB
        Both:  4.75 MB

MaxMetaspaceSize: unlimited
CompressedClassSpaceSize: 1.00 GB
Initial GC threshold: 21.00 MB
Current GC threshold: 21.00 MB
CDS: on
MetaspaceReclaimPolicy: balanced
 - commit_granule_bytes: 65536.
 - commit_granule_words: 8192.
 - virtual_space_node_default_size: 1048576.
 - enlarge_chunks_in_place: 1.
 - new_chunks_are_fully_committed: 0.
 - uncommit_free_chunks: 1.
 - use_allocation_guard: 0.
 - handle_deallocations: 1.


Internal statistics:

num_allocs_failed_limit: 0.
num_arena_births: 112.
num_arena_deaths: 0.
num_vsnodes_births: 2.
num_vsnodes_deaths: 0.
num_space_committed: 114.
num_space_uncommitted: 0.
num_chunks_returned_to_freelist: 0.
num_chunks_taken_from_freelist: 232.
num_chunk_merges: 0.
num_chunk_splits: 147.
num_chunks_enlarged: 78.
num_purges: 0.
num_inconsistent_stats: 0.

CodeHeap 'non-profiled nmethods': size=120000Kb used=193Kb max_used=193Kb free=119806Kb
 bounds [0x000001b662550000, 0x000001b6627c0000, 0x000001b669a80000]
CodeHeap 'profiled nmethods': size=120000Kb used=1038Kb max_used=1038Kb free=118961Kb
 bounds [0x000001b65aa80000, 0x000001b65acf0000, 0x000001b661fb0000]
CodeHeap 'non-nmethods': size=5760Kb used=1230Kb max_used=1230Kb free=4529Kb
 bounds [0x000001b661fb0000, 0x000001b662220000, 0x000001b662550000]
 total_blobs=1227 nmethods=681 adapters=459
 compilation: enabled
              stopped_count=0, restarted_count=0
 full_count=0

Compilation events (20 events):
Event: 0.719 Thread 0x000001b66de809a0  600       3       java.lang.String::regionMatches (150 bytes)
Event: 0.720 Thread 0x000001b66de809a0 nmethod 600 0x000001b65ab5b990 code [0x000001b65ab5bbe0, 0x000001b65ab5c3e8]
Event: 0.724 Thread 0x000001b66de809a0  601       3       java.lang.StringConcatHelper::newArray (26 bytes)
Event: 0.724 Thread 0x000001b66de809a0 nmethod 601 0x000001b65ab5c690 code [0x000001b65ab5c840, 0x000001b65ab5ca88]
Event: 0.724 Thread 0x000001b66de809a0  602       3       java.util.zip.Inflater::ensureOpen (47 bytes)
Event: 0.725 Thread 0x000001b66de809a0 nmethod 602 0x000001b65ab5cb90 code [0x000001b65ab5cd40, 0x000001b65ab5cfa8]
Event: 0.756 Thread 0x000001b66de809a0  603       1       java.net.URL::getUserInfo (5 bytes)
Event: 0.757 Thread 0x000001b66de809a0 nmethod 603 0x000001b66257a990 code [0x000001b66257ab20, 0x000001b66257abf8]
Event: 0.762 Thread 0x000001b66de809a0  604       1       java.security.CodeSource::getLocation (5 bytes)
Event: 0.762 Thread 0x000001b66de809a0 nmethod 604 0x000001b66257ac90 code [0x000001b66257ae20, 0x000001b66257aef8]
Event: 0.762 Thread 0x000001b66de809a0  605       1       java.io.File::getPath (5 bytes)
Event: 0.762 Thread 0x000001b66de809a0 nmethod 605 0x000001b66257af90 code [0x000001b66257b120, 0x000001b66257b1f8]
Event: 0.763 Thread 0x000001b66de809a0  606   !   3       jdk.internal.loader.BuiltinClassLoader::loadClassOrNull (143 bytes)
Event: 0.766 Thread 0x000001b66de809a0 nmethod 606 0x000001b65ab5d090 code [0x000001b65ab5d3c0, 0x000001b65ab5e918]
Event: 0.766 Thread 0x000001b66de809a0  607       3       java.lang.ClassLoader::getClassLoadingLock (35 bytes)
Event: 0.766 Thread 0x000001b66de809a0 nmethod 607 0x000001b65ab5f190 code [0x000001b65ab5f340, 0x000001b65ab5f628]
Event: 0.766 Thread 0x000001b66de809a0  608       3       jdk.internal.loader.BuiltinClassLoader::findLoadedModule (33 bytes)
Event: 0.767 Thread 0x000001b66de809a0 nmethod 608 0x000001b65ab5f790 code [0x000001b65ab5f9a0, 0x000001b65ab5fff8]
Event: 0.768 Thread 0x000001b66de809a0  610       3       sun.net.www.ParseUtil::firstEncodeIndex (86 bytes)
Event: 0.769 Thread 0x000001b66de809a0 nmethod 610 0x000001b65ab60290 code [0x000001b65ab604e0, 0x000001b65ab60ea8]

GC Heap History (0 events):
No events

Deoptimization events (4 events):
Event: 0.711 Thread 0x000001b6531edb40 DEOPT PACKING pc=0x000001b65aa96067 sp=0x00000074ddefc630
Event: 0.711 Thread 0x000001b6531edb40 DEOPT UNPACKING pc=0x000001b662002b43 sp=0x00000074ddefba50 mode 0
Event: 0.766 Thread 0x000001b6531edb40 DEOPT PACKING pc=0x000001b65aa953d1 sp=0x00000074ddef91e0
Event: 0.766 Thread 0x000001b6531edb40 DEOPT UNPACKING pc=0x000001b662002b43 sp=0x00000074ddef8658 mode 0

Classes unloaded (0 events):
No events

Classes redefined (0 events):
No events

Internal exceptions (13 events):
Event: 0.252 Thread 0x000001b6531edb40 Exception <a 'java/lang/ClassNotFoundException'{0x00000000cce67330}: sun/awt/resources/spi/awtProvider> (0x00000000cce67330) 
thrown [s\open\src\hotspot\share\classfile\systemDictionary.cpp, line 256]
Event: 0.320 Thread 0x000001b6531edb40 Exception <a 'java/io/FileNotFoundException'{0x00000000ccec0098}> (0x00000000ccec0098) 
thrown [s\open\src\hotspot\share\prims\jni.cpp, line 516]
Event: 0.335 Thread 0x000001b6531edb40 Exception <a 'java/io/FileNotFoundException'{0x00000000cceed2e0}> (0x00000000cceed2e0) 
thrown [s\open\src\hotspot\share\prims\jni.cpp, line 516]
Event: 0.397 Thread 0x000001b6531edb40 Exception <a 'java/lang/NoSuchMethodError'{0x00000000ccd37710}: 'java.lang.Object java.lang.invoke.DirectMethodHandle$Holder.invokeStaticInit(java.lang.Object)'> (0x00000000ccd37710) 
thrown [s\open\src\hotspot\share\interpreter\linkResolver.cpp, line 759]
Event: 0.526 Thread 0x000001b6531edb40 Exception <a 'java/lang/NoSuchMethodError'{0x00000000ccd82720}: 'void java.lang.invoke.DirectMethodHandle$Holder.invokeSpecial(java.lang.Object, java.lang.Object, java.lang.Object)'> (0x00000000ccd82720) 
thrown [s\open\src\hotspot\share\interpreter\linkResolver.cpp, line 759]
Event: 0.538 Thread 0x000001b6531edb40 Exception <a 'java/lang/NoSuchMethodError'{0x00000000ccdef560}: 'java.lang.Object java.lang.invoke.DirectMethodHandle$Holder.newInvokeSpecial(java.lang.Object, java.lang.Object, java.lang.Object, java.lang.Object, java.lang.Object)'> (0x00000000ccdef560) 
thrown [s\open\src\hotspot\share\interpreter\linkResolver.cpp, line 759]
Event: 0.541 Thread 0x000001b6531edb40 Exception <a 'java/lang/NoSuchMethodError'{0x00000000ccdfaf28}: 'java.lang.Object java.lang.invoke.DirectMethodHandle$Holder.invokeStatic(java.lang.Object, int, java.lang.Object, java.lang.Object, java.lang.Object, java.lang.Object)'> (0x00000000ccdfaf28) 
thrown [s\open\src\hotspot\share\interpreter\linkResolver.cpp, line 759]
Event: 0.547 Thread 0x000001b6531edb40 Exception <a 'java/lang/NoSuchMethodError'{0x00000000ccc20b90}: 'java.lang.Object java.lang.invoke.DirectMethodHandle$Holder.invokeStatic(java.lang.Object, int, java.lang.Object)'> (0x00000000ccc20b90) 
thrown [s\open\src\hotspot\share\interpreter\linkResolver.cpp, line 759]
Event: 0.582 Thread 0x000001b6531edb40 Exception <a 'java/lang/ClassNotFoundException'{0x00000000cccd8a18}: com/sun/swing/internal/plaf/metal/resources/spi/metalProvider> (0x00000000cccd8a18) 
thrown [s\open\src\hotspot\share\classfile\systemDictionary.cpp, line 256]
Event: 0.583 Thread 0x000001b6531edb40 Exception <a 'java/lang/ClassNotFoundException'{0x00000000cccdc8a0}: com/sun/swing/internal/plaf/basic/resources/spi/basicProvider> (0x00000000cccdc8a0) 
thrown [s\open\src\hotspot\share\classfile\systemDictionary.cpp, line 256]
Event: 0.661 Thread 0x000001b6531edb40 Exception <a 'java/lang/NoSuchMethodError'{0x00000000cca295c8}: 'java.lang.Object java.lang.invoke.DirectMethodHandle$Holder.invokeInterface(java.lang.Object, java.lang.Object)'> (0x00000000cca295c8) 
thrown [s\open\src\hotspot\share\interpreter\linkResolver.cpp, line 759]
Event: 0.699 Thread 0x000001b6531edb40 Exception <a 'java/lang/NoSuchMethodError'{0x00000000ccaaf310}: 'void java.lang.invoke.DirectMethodHandle$Holder.invokeStatic(java.lang.Object, java.lang.Object, java.lang.Object)'> (0x00000000ccaaf310) 
thrown [s\open\src\hotspot\share\interpreter\linkResolver.cpp, line 759]
Event: 0.702 Thread 0x000001b6531edb40 Exception <a 'java/lang/NoSuchMethodError'{0x00000000ccab95d8}: 'java.lang.Object java.lang.invoke.DirectMethodHandle$Holder.invokeVirtual(java.lang.Object, java.lang.Object, java.lang.Object)'> (0x00000000ccab95d8) 
thrown [s\open\src\hotspot\share\interpreter\linkResolver.cpp, line 759]

VM Operations (6 events):
Event: 0.581 Executing VM operation: HandshakeAllThreads
Event: 0.581 Executing VM operation: HandshakeAllThreads done
Event: 0.601 Executing VM operation: HandshakeAllThreads
Event: 0.602 Executing VM operation: HandshakeAllThreads done
Event: 0.613 Executing VM operation: HandshakeAllThreads
Event: 0.613 Executing VM operation: HandshakeAllThreads done

Events (20 events):
Event: 0.670 loading class sun/util/PropertyResourceBundleCharset$PropertiesFileDecoder
Event: 0.670 loading class sun/util/PropertyResourceBundleCharset$PropertiesFileDecoder done
Event: 0.691 loading class java/text/MessageFormat
Event: 0.692 loading class java/text/MessageFormat done
Event: 0.694 loading class jdk/internal/math/FDBigInteger
Event: 0.694 loading class jdk/internal/math/FDBigInteger done
Event: 0.695 loading class java/math/MathContext
Event: 0.695 loading class java/math/MathContext done
Event: 0.697 loading class java/util/Collections$UnmodifiableMap$UnmodifiableEntrySet
Event: 0.698 loading class java/util/Collections$UnmodifiableMap$UnmodifiableEntrySet done
Event: 0.698 loading class java/util/Collections$UnmodifiableMap$UnmodifiableEntrySet$UnmodifiableEntrySetSpliterator
Event: 0.698 loading class java/util/Collections$UnmodifiableMap$UnmodifiableEntrySet$UnmodifiableEntrySetSpliterator done
Event: 0.698 loading class java/util/HashMap$EntrySpliterator
Event: 0.698 loading class java/util/HashMap$EntrySpliterator done
Event: 0.698 loading class java/lang/invoke/DirectMethodHandle$Special
Event: 0.698 loading class java/lang/invoke/DirectMethodHandle$Special done
Event: 0.707 loading class java/lang/NoSuchFieldError
Event: 0.707 loading class java/lang/NoSuchFieldError done
Event: 0.767 loading class java/lang/reflect/InvocationHandler
Event: 0.767 loading class java/lang/reflect/InvocationHandler done


Dynamic libraries:
0x00007ff743d90000 - 0x00007ff743da0000 	C:\Program Files\Java\jdk-17\bin\javaw.exe
0x00007ffa3ee30000 - 0x00007ffa3f028000 	C:\WINDOWS\SYSTEM32\ntdll.dll
0x00007ffa3daa0000 - 0x00007ffa3db5f000 	C:\WINDOWS\System32\KERNEL32.DLL
0x00007ffa3c8b0000 - 0x00007ffa3cb82000 	C:\WINDOWS\System32\KERNELBASE.dll
0x00007ffa3cd00000 - 0x00007ffa3ce00000 	C:\WINDOWS\System32\ucrtbase.dll
0x00007ffa322f0000 - 0x00007ffa32308000 	C:\Program Files\Java\jdk-17\bin\jli.dll
0x00007ffa3d9f0000 - 0x00007ffa3da9e000 	C:\WINDOWS\System32\ADVAPI32.dll
0x00007ffa3e740000 - 0x00007ffa3e7de000 	C:\WINDOWS\System32\msvcrt.dll
0x00007ffa3d2a0000 - 0x00007ffa3d33c000 	C:\WINDOWS\System32\sechost.dll
0x00007ffa3e900000 - 0x00007ffa3ea25000 	C:\WINDOWS\System32\RPCRT4.dll
0x00007ffa3dbc0000 - 0x00007ffa3dd61000 	C:\WINDOWS\System32\USER32.dll
0x00007ffa2b8f0000 - 0x00007ffa2bb8a000 	C:\WINDOWS\WinSxS\amd64_microsoft.windows.common-controls_6595b64144ccf1df_6.0.19041.1110_none_60b5254171f9507e\COMCTL32.dll
0x00007ffa3cc40000 - 0x00007ffa3cc62000 	C:\WINDOWS\System32\win32u.dll
0x00007ffa3e620000 - 0x00007ffa3e64b000 	C:\WINDOWS\System32\GDI32.dll
0x00007ffa3c520000 - 0x00007ffa3c62f000 	C:\WINDOWS\System32\gdi32full.dll
0x00007ffa3c630000 - 0x00007ffa3c6cd000 	C:\WINDOWS\System32\msvcp_win.dll
0x00007ffa33de0000 - 0x00007ffa33dea000 	C:\WINDOWS\SYSTEM32\VERSION.dll
0x00007ffa360d0000 - 0x00007ffa360eb000 	C:\Program Files\Java\jdk-17\bin\VCRUNTIME140.dll
0x00007ffa3edb0000 - 0x00007ffa3ede2000 	C:\WINDOWS\System32\IMM32.DLL
0x00007ffa33840000 - 0x00007ffa3384c000 	C:\Program Files\Java\jdk-17\bin\vcruntime140_1.dll
0x00007ffa22e50000 - 0x00007ffa22ede000 	C:\Program Files\Java\jdk-17\bin\msvcp140.dll
0x00007ffa0d310000 - 0x00007ffa0dee7000 	C:\Program Files\Java\jdk-17\bin\server\jvm.dll
0x00007ffa3e600000 - 0x00007ffa3e608000 	C:\WINDOWS\System32\PSAPI.DLL
0x00007ffa39800000 - 0x00007ffa39809000 	C:\WINDOWS\SYSTEM32\WSOCK32.dll
0x00007ffa39cc0000 - 0x00007ffa39ce7000 	C:\WINDOWS\SYSTEM32\WINMM.dll
0x00007ffa3ce70000 - 0x00007ffa3cedb000 	C:\WINDOWS\System32\WS2_32.dll
0x00007ffa3a3e0000 - 0x00007ffa3a3f2000 	C:\WINDOWS\SYSTEM32\kernel.appcore.dll
0x00007ffa381e0000 - 0x00007ffa381ea000 	C:\Program Files\Java\jdk-17\bin\jimage.dll
0x00007ffa2c8f0000 - 0x00007ffa2cad4000 	C:\WINDOWS\SYSTEM32\DBGHELP.DLL
0x00007ffa2c680000 - 0x00007ffa2c6b5000 	C:\WINDOWS\SYSTEM32\dbgcore.DLL
0x00007ffa3cc70000 - 0x00007ffa3ccf2000 	C:\WINDOWS\System32\bcryptPrimitives.dll
0x00007ffa27550000 - 0x00007ffa27575000 	C:\Program Files\Java\jdk-17\bin\java.dll
0x00007ffa27470000 - 0x00007ffa27547000 	C:\Program Files\Java\jdk-17\bin\jsvml.dll
0x00007ffa3deb0000 - 0x00007ffa3e5f4000 	C:\WINDOWS\System32\SHELL32.dll
0x00007ffa3a5e0000 - 0x00007ffa3ad72000 	C:\WINDOWS\SYSTEM32\windows.storage.dll
0x00007ffa3cee0000 - 0x00007ffa3d235000 	C:\WINDOWS\System32\combase.dll
0x00007ffa3bea0000 - 0x00007ffa3bed0000 	C:\WINDOWS\SYSTEM32\Wldp.dll
0x00007ffa3e7e0000 - 0x00007ffa3e88d000 	C:\WINDOWS\System32\SHCORE.dll
0x00007ffa3d240000 - 0x00007ffa3d295000 	C:\WINDOWS\System32\shlwapi.dll
0x00007ffa3c460000 - 0x00007ffa3c47f000 	C:\WINDOWS\SYSTEM32\profapi.dll
0x00007ffa32480000 - 0x00007ffa32499000 	C:\Program Files\Java\jdk-17\bin\net.dll
0x00007ffa2fde0000 - 0x00007ffa2feec000 	C:\WINDOWS\SYSTEM32\WINHTTP.dll
0x00007ffa3bc00000 - 0x00007ffa3bc6a000 	C:\WINDOWS\system32\mswsock.dll
0x00007ffa31410000 - 0x00007ffa31426000 	C:\Program Files\Java\jdk-17\bin\nio.dll
0x00007ffa27450000 - 0x00007ffa27468000 	C:\Program Files\Java\jdk-17\bin\zip.dll
0x00007ffa17820000 - 0x00007ffa179b1000 	C:\Program Files\Java\jdk-17\bin\awt.dll
0x00007ffa3e650000 - 0x00007ffa3e71d000 	C:\WINDOWS\System32\OLEAUT32.dll
0x00007ffa39d20000 - 0x00007ffa39db1000 	C:\WINDOWS\SYSTEM32\apphelp.dll
0x00007ffa3a2d0000 - 0x00007ffa3a2ff000 	C:\WINDOWS\system32\DWMAPI.DLL
0x00007ffa39f10000 - 0x00007ffa39fae000 	C:\WINDOWS\system32\uxtheme.dll
0x00007ffa1e4f0000 - 0x00007ffa1e615000 	C:\WINDOWS\system32\opengl32.dll
0x00007ffa2a890000 - 0x00007ffa2a8bc000 	C:\WINDOWS\SYSTEM32\GLU32.dll
0x00007ffa3ea30000 - 0x00007ffa3eb45000 	C:\WINDOWS\System32\MSCTF.dll
0x00007ffa3ec80000 - 0x00007ffa3edaa000 	C:\WINDOWS\System32\ole32.dll
0x00007ffa17060000 - 0x00007ffa1722e000 	C:\WINDOWS\system32\d3d9.dll
0x00007ffa33e60000 - 0x00007ffa3403a000 	C:\WINDOWS\System32\DriverStore\FileRepository\u0342760.inf_amd64_faed47dbc6f15f23\B342463\aticfx64.dll
0x00007ffa26ab0000 - 0x00007ffa26ae0000 	C:\WINDOWS\System32\DriverStore\FileRepository\u0342760.inf_amd64_faed47dbc6f15f23\B342463\atiu9p64.dll
0x00007ffa0b000000 - 0x00007ffa0bc83000 	C:\WINDOWS\System32\DriverStore\FileRepository\u0342760.inf_amd64_faed47dbc6f15f23\B342463\atiumd64.dll
0x00007ffa39c60000 - 0x00007ffa39c9b000 	C:\WINDOWS\SYSTEM32\dxcore.dll
0x00007ffa3c6d0000 - 0x00007ffa3c71e000 	C:\WINDOWS\System32\cfgmgr32.dll
0x00007ffa3b930000 - 0x00007ffa3b9fa000 	C:\WINDOWS\SYSTEM32\DNSAPI.dll
0x00007ffa3b8f0000 - 0x00007ffa3b92b000 	C:\WINDOWS\SYSTEM32\IPHLPAPI.DLL
0x00007ffa3e890000 - 0x00007ffa3e898000 	C:\WINDOWS\System32\NSI.dll
0x00007ffa2e640000 - 0x00007ffa2e64a000 	C:\Windows\System32\rasadhlp.dll
0x00007ffa2e7d0000 - 0x00007ffa2e850000 	C:\WINDOWS\System32\fwpuclnt.dll
0x00007ffa3c880000 - 0x00007ffa3c8a7000 	C:\WINDOWS\System32\bcrypt.dll

dbghelp: loaded successfully - version: 4.0.5 - missing functions: none
symbol engine: initialized successfully - sym options: 0x614 - pdb path: .;C:\Program Files\Java\jdk-17\bin;C:\WINDOWS\SYSTEM32;C:\WINDOWS\WinSxS\amd64_microsoft.windows.common-controls_6595b64144ccf1df_6.0.19041.1110_none_60b5254171f9507e;C:\Program Files\Java\jdk-17\bin\server;C:\WINDOWS\System32\DriverStore\FileRepository\u0342760.inf_amd64_faed47dbc6f15f23\B342463

VM Arguments:
jvm_args: -Dfile.encoding=UTF-8 -XX:+ShowCodeDetailsInExceptionMessages 
java_command: electricity.billing.system.ViewInformation
java_class_path (initial): C:\Users\Lenovo\eclipse-workspace\Electricity billing system\bin;C:\Users\Lenovo\Downloads\mysql-connector-java-8.0.28.jar;C:\Users\Lenovo\Downloads\rs2xml (1).jar
Launcher Type: SUN_STANDARD

[Global flags]
     intx CICompilerCount                          = 3                                         {product} {ergonomic}
     uint ConcGCThreads                            = 1                                         {product} {ergonomic}
     uint G1ConcRefinementThreads                  = 4                                         {product} {ergonomic}
   size_t G1HeapRegionSize                         = 1048576                                   {product} {ergonomic}
    uintx GCDrainStackTargetSize                   = 64                                        {product} {ergonomic}
   size_t InitialHeapSize                          = 58720256                                  {product} {ergonomic}
   size_t MarkStackSize                            = 4194304                                   {product} {ergonomic}
   size_t MaxHeapSize                              = 914358272                                 {product} {ergonomic}
   size_t MaxNewSize                               = 548405248                                 {product} {ergonomic}
   size_t MinHeapDeltaBytes                        = 1048576                                   {product} {ergonomic}
   size_t MinHeapSize                              = 8388608                                   {product} {ergonomic}
    uintx NonNMethodCodeHeapSize                   = 5832780                                {pd product} {ergonomic}
    uintx NonProfiledCodeHeapSize                  = 122912730                              {pd product} {ergonomic}
    uintx ProfiledCodeHeapSize                     = 122912730                              {pd product} {ergonomic}
    uintx ReservedCodeCacheSize                    = 251658240                              {pd product} {ergonomic}
     bool SegmentedCodeCache                       = true                                      {product} {ergonomic}
     bool ShowCodeDetailsInExceptionMessages       = true                                   {manageable} {command line}
   size_t SoftMaxHeapSize                          = 914358272                              {manageable} {ergonomic}
     bool UseCompressedClassPointers               = true                           {product lp64_product} {ergonomic}
     bool UseCompressedOops                        = true                           {product lp64_product} {ergonomic}
     bool UseG1GC                                  = true                                      {product} {ergonomic}
     bool UseLargePagesIndividualAllocation        = false                                  {pd product} {ergonomic}

Logging:
Log output configuration:
 #0: stdout all=warning uptime,level,tags
 #1: stderr all=off uptime,level,tags

Environment Variables:
PATH=C:/Program Files/Java/jdk-17/bin/server;C:/Program Files/Java/jdk-17/bin;C:\Program Files\Java\jdk-17\bin;C:\Program Files\Common Files\Oracle\Java\javapath;C:\WINDOWS\system32;C:\WINDOWS;C:\WINDOWS\System32\Wbem;C:\WINDOWS\System32\WindowsPowerShell\v1.0\;C:\WINDOWS\System32\OpenSSH\;C:\Program Files (x86)\Brackets\command;C:\MinGW\bin;C:\MinGW\bin;C:\Program Files\MySQL\MySQL Shell 8.0\bin\;C:\Users\Lenovo\anaconda3;C:\Users\Lenovo\anaconda3\Library\mingw-w64\bin;C:\Users\Lenovo\anaconda3\Library\usr\bin;C:\Users\Lenovo\anaconda3\Library\bin;C:\Users\Lenovo\anaconda3\Scripts;C:\Users\Lenovo\AppData\Local\Microsoft\WindowsApps;C:\Users\Lenovo\AppData\Local\Programs\Microsoft VS Code\bin;C:\Users\Lenovo\Desktop;
USERNAME=Lenovo
OS=Windows_NT
PROCESSOR_IDENTIFIER=AMD64 Family 23 Model 17 Stepping 0, AuthenticAMD



---------------  S Y S T E M  ---------------

OS:
 Windows 10 , 64 bit Build 19041 (10.0.19041.2364)
OS uptime: 28 days 5:22 hours

CPU: total 4 (initial active 4) (4 cores per cpu, 2 threads per core) family 23 model 17 stepping 0 microcode 0x0, cx8, cmov, fxsr, ht, mmx, 3dnowpref, sse, sse2, sse3, ssse3, sse4a, sse4.1, sse4.2, popcnt, lzcnt, tsc, tscinvbit, avx, avx2, aes, clmul, bmi1, bmi2, adx, sha, fma, vzeroupper, clflush, clflushopt

Memory: 4k page, system-wide physical 3485M (326M free)
TotalPageFile size 14237M (AvailPageFile size 1M)
current process WorkingSet (physical memory assigned to process): 63M, peak: 63M
current process commit charge ("private bytes"): 143M, peak: 143M

vm_info: Java HotSpot(TM) 64-Bit Server VM (17.0.6+9-LTS-190) for windows-amd64 JRE (17.0.6+9-LTS-190), built on Dec  6 2022 15:53:54 by "mach5one" with MS VC++ 17.1 (VS2022)

END.
